2018-08-24 15:43:48.454 [restartedMain] INFO  com.cnki.dms.Application - Starting Application on to-PC with PID 6012 (E:\cnkiWorkspace\spring-boot-dms\target\classes started by to in E:\cnkiWorkspace\spring-boot-dms)
2018-08-24 15:43:48.462 [restartedMain] INFO  com.cnki.dms.Application - No active profile set, falling back to default profiles: default
2018-08-24 15:43:48.607 [restartedMain] INFO  o.s.b.c.e.AnnotationConfigEmbeddedWebApplicationContext - Refreshing org.springframework.boot.context.embedded.AnnotationConfigEmbeddedWebApplicationContext@3b39f505: startup date [Fri Aug 24 15:43:48 CST 2018]; root of context hierarchy
2018-08-24 15:43:52.289 [restartedMain] INFO  o.s.b.c.e.tomcat.TomcatEmbeddedServletContainer - Tomcat initialized with port(s): 8080 (http)
2018-08-24 15:43:52.317 [restartedMain] INFO  org.apache.catalina.core.StandardService - Starting service [Tomcat]
2018-08-24 15:43:52.320 [restartedMain] INFO  org.apache.catalina.core.StandardEngine - Starting Servlet Engine: Apache Tomcat/8.5.27
2018-08-24 15:43:52.933 [localhost-startStop-1] INFO  org.apache.jasper.servlet.TldScanner - At least one JAR was scanned for TLDs yet contained no TLDs. Enable debug logging for this logger for a complete list of JARs that were scanned but no TLDs were found in them. Skipping unneeded JARs during scanning can improve startup time and JSP compilation time.
2018-08-24 15:43:52.946 [localhost-startStop-1] INFO  o.a.c.core.ContainerBase.[Tomcat].[localhost].[/] - Initializing Spring embedded WebApplicationContext
2018-08-24 15:43:52.949 [localhost-startStop-1] INFO  org.springframework.web.context.ContextLoader - Root WebApplicationContext: initialization completed in 4342 ms
2018-08-24 15:43:53.349 [localhost-startStop-1] INFO  o.s.boot.web.servlet.ServletRegistrationBean - Mapping servlet: 'statViewServlet' to [/druid/*]
2018-08-24 15:43:53.353 [localhost-startStop-1] INFO  o.s.boot.web.servlet.ServletRegistrationBean - Mapping servlet: 'dispatcherServlet' to [/]
2018-08-24 15:43:53.357 [localhost-startStop-1] INFO  o.s.boot.web.servlet.FilterRegistrationBean - Mapping filter: 'characterEncodingFilter' to: [/*]
2018-08-24 15:43:53.359 [localhost-startStop-1] INFO  o.s.boot.web.servlet.FilterRegistrationBean - Mapping filter: 'hiddenHttpMethodFilter' to: [/*]
2018-08-24 15:43:53.360 [localhost-startStop-1] INFO  o.s.boot.web.servlet.FilterRegistrationBean - Mapping filter: 'httpPutFormContentFilter' to: [/*]
2018-08-24 15:43:53.360 [localhost-startStop-1] INFO  o.s.boot.web.servlet.FilterRegistrationBean - Mapping filter: 'requestContextFilter' to: [/*]
2018-08-24 15:43:53.361 [localhost-startStop-1] INFO  o.s.boot.web.servlet.FilterRegistrationBean - Mapping filter: 'webStatFilter' to urls: [/*]
2018-08-24 15:43:53.510 [restartedMain] INFO  com.cnki.dms.config.UiverisityBDConfig - get druid datasource
2018-08-24 15:43:54.414 [restartedMain] INFO  o.s.w.s.m.m.a.RequestMappingHandlerAdapter - Looking for @ControllerAdvice: org.springframework.boot.context.embedded.AnnotationConfigEmbeddedWebApplicationContext@3b39f505: startup date [Fri Aug 24 15:43:48 CST 2018]; root of context hierarchy
2018-08-24 15:43:54.683 [restartedMain] INFO  o.s.w.s.m.m.a.RequestMappingHandlerMapping - Mapped "{[/main]}" onto public java.lang.String com.cnki.dms.controller.Demo.main()
2018-08-24 15:43:54.686 [restartedMain] INFO  o.s.w.s.m.m.a.RequestMappingHandlerMapping - Mapped "{[/demo]}" onto public java.lang.String com.cnki.dms.controller.Demo.demo()
2018-08-24 15:43:54.694 [restartedMain] INFO  o.s.w.s.m.m.a.RequestMappingHandlerMapping - Mapped "{[/login]}" onto public java.lang.String com.cnki.dms.controller.Demo.login()
2018-08-24 15:43:54.724 [restartedMain] INFO  o.s.w.s.m.m.a.RequestMappingHandlerMapping - Mapped "{[/pages/log]}" onto public java.lang.String com.cnki.dms.controller.PageController.getLog()
2018-08-24 15:43:54.727 [restartedMain] INFO  o.s.w.s.m.m.a.RequestMappingHandlerMapping - Mapped "{[/pages/Password]}" onto public java.lang.String com.cnki.dms.controller.PageController.getPassword()
2018-08-24 15:43:54.728 [restartedMain] INFO  o.s.w.s.m.m.a.RequestMappingHandlerMapping - Mapped "{[/pages/sms]}" onto public java.lang.String com.cnki.dms.controller.PageController.getSms()
2018-08-24 15:43:54.730 [restartedMain] INFO  o.s.w.s.m.m.a.RequestMappingHandlerMapping - Mapped "{[/pages/SqlLogList]}" onto public java.lang.String com.cnki.dms.controller.PageController.getSqlLogList()
2018-08-24 15:43:54.731 [restartedMain] INFO  o.s.w.s.m.m.a.RequestMappingHandlerMapping - Mapped "{[/pages/ExportWordLog]}" onto public java.lang.String com.cnki.dms.controller.PageController.getExportWordLog()
2018-08-24 15:43:54.732 [restartedMain] INFO  o.s.w.s.m.m.a.RequestMappingHandlerMapping - Mapped "{[/pages/DataBaseList]}" onto public java.lang.String com.cnki.dms.controller.PageController.getDataBase()
2018-08-24 15:43:54.732 [restartedMain] INFO  o.s.w.s.m.m.a.RequestMappingHandlerMapping - Mapped "{[/pages/SmsList]}" onto public java.lang.String com.cnki.dms.controller.PageController.getSmsList()
2018-08-24 15:43:54.733 [restartedMain] INFO  o.s.w.s.m.m.a.RequestMappingHandlerMapping - Mapped "{[/pages/user]}" onto public java.lang.String com.cnki.dms.controller.PageController.getUser()
2018-08-24 15:43:54.734 [restartedMain] INFO  o.s.w.s.m.m.a.RequestMappingHandlerMapping - Mapped "{[/pages/PlatformsList]}" onto public java.lang.String com.cnki.dms.controller.PageController.getPlatformsList()
2018-08-24 15:43:54.737 [restartedMain] INFO  o.s.w.s.m.m.a.RequestMappingHandlerMapping - Mapped "{[/pages/SmsUserList]}" onto public java.lang.String com.cnki.dms.controller.PageController.getSmsUserList()
2018-08-24 15:43:54.739 [restartedMain] INFO  o.s.w.s.m.m.a.RequestMappingHandlerMapping - Mapped "{[/pages/StatisticsList]}" onto public java.lang.String com.cnki.dms.controller.PageController.getDataStatistics()
2018-08-24 15:43:54.748 [restartedMain] INFO  o.s.w.s.m.m.a.RequestMappingHandlerMapping - Mapped "{[/pages/LandingStatistics]}" onto public java.lang.String com.cnki.dms.controller.PageController.getLandingStatistics()
2018-08-24 15:43:54.761 [restartedMain] INFO  o.s.w.s.m.m.a.RequestMappingHandlerMapping - Mapped "{[/Handler/CreateDataBase],methods=[POST]}" onto public java.util.Map com.cnki.dms.controller.RestHandlerController.createDatabase(com.cnki.dms.bean.Database)
2018-08-24 15:43:54.762 [restartedMain] INFO  o.s.w.s.m.m.a.RequestMappingHandlerMapping - Mapped "{[/Handler/getDatabaseIp],methods=[POST]}" onto public java.util.Map com.cnki.dms.controller.RestHandlerController.getDatabaseIp()
2018-08-24 15:43:54.763 [restartedMain] INFO  o.s.w.s.m.m.a.RequestMappingHandlerMapping - Mapped "{[/Handler/ManagerHandler],methods=[POST]}" onto public java.util.Map com.cnki.dms.controller.RestHandlerController.managerHandler(java.lang.String,java.lang.String,java.lang.String,java.lang.String,java.lang.String,java.lang.String)
2018-08-24 15:43:54.765 [restartedMain] INFO  o.s.w.s.m.m.a.RequestMappingHandlerMapping - Mapped "{[/Handler/DatabaseHandler],methods=[POST]}" onto public java.util.Map com.cnki.dms.controller.RestHandlerController.listDataBase(java.lang.String,java.lang.String,java.lang.String,java.lang.String,java.lang.String,java.lang.String)
2018-08-24 15:43:54.767 [restartedMain] INFO  o.s.w.s.m.m.a.RequestMappingHandlerMapping - Mapped "{[/user/login],methods=[POST]}" onto public java.lang.String com.cnki.dms.controller.UserController.login(java.lang.String,java.lang.String)
2018-08-24 15:43:54.773 [restartedMain] INFO  o.s.w.s.m.m.a.RequestMappingHandlerMapping - Mapped "{[/error]}" onto public org.springframework.http.ResponseEntity<java.util.Map<java.lang.String, java.lang.Object>> org.springframework.boot.autoconfigure.web.BasicErrorController.error(javax.servlet.http.HttpServletRequest)
2018-08-24 15:43:54.775 [restartedMain] INFO  o.s.w.s.m.m.a.RequestMappingHandlerMapping - Mapped "{[/error],produces=[text/html]}" onto public org.springframework.web.servlet.ModelAndView org.springframework.boot.autoconfigure.web.BasicErrorController.errorHtml(javax.servlet.http.HttpServletRequest,javax.servlet.http.HttpServletResponse)
2018-08-24 15:43:54.900 [restartedMain] INFO  o.s.web.servlet.handler.SimpleUrlHandlerMapping - Mapped URL path [/webjars/**] onto handler of type [class org.springframework.web.servlet.resource.ResourceHttpRequestHandler]
2018-08-24 15:43:54.901 [restartedMain] INFO  o.s.web.servlet.handler.SimpleUrlHandlerMapping - Mapped URL path [/**] onto handler of type [class org.springframework.web.servlet.resource.ResourceHttpRequestHandler]
2018-08-24 15:43:55.032 [restartedMain] INFO  o.s.web.servlet.handler.SimpleUrlHandlerMapping - Mapped URL path [/**/favicon.ico] onto handler of type [class org.springframework.web.servlet.resource.ResourceHttpRequestHandler]
2018-08-24 15:43:55.127 [restartedMain] INFO  o.s.b.a.w.WebMvcAutoConfiguration$WelcomePageHandlerMapping - Adding welcome page: ServletContext resource [/index.html]
2018-08-24 15:43:55.676 [restartedMain] INFO  o.s.b.d.autoconfigure.OptionalLiveReloadServer - LiveReload server is running on port 35729
2018-08-24 15:43:55.817 [restartedMain] INFO  o.s.jmx.export.annotation.AnnotationMBeanExporter - Registering beans for JMX exposure on startup
2018-08-24 15:43:55.819 [restartedMain] INFO  o.s.jmx.export.annotation.AnnotationMBeanExporter - Bean with name 'druidDataSource' has been autodetected for JMX exposure
2018-08-24 15:43:55.832 [restartedMain] INFO  o.s.jmx.export.annotation.AnnotationMBeanExporter - Located MBean 'druidDataSource': registering with JMX server as MBean [com.alibaba.druid.pool:name=druidDataSource,type=DruidDataSource]
2018-08-24 15:43:55.981 [restartedMain] INFO  o.s.b.c.e.tomcat.TomcatEmbeddedServletContainer - Tomcat started on port(s): 8080 (http)
2018-08-24 15:43:56.017 [restartedMain] INFO  com.cnki.dms.Application - Started Application in 7.988 seconds (JVM running for 9.137)
2018-08-24 15:44:07.855 [http-nio-8080-exec-10] INFO  o.a.c.core.ContainerBase.[Tomcat].[localhost].[/] - Initializing Spring FrameworkServlet 'dispatcherServlet'
2018-08-24 15:44:07.857 [http-nio-8080-exec-10] INFO  org.springframework.web.servlet.DispatcherServlet - FrameworkServlet 'dispatcherServlet': initialization started
2018-08-24 15:44:07.920 [http-nio-8080-exec-10] INFO  org.springframework.web.servlet.DispatcherServlet - FrameworkServlet 'dispatcherServlet': initialization completed in 62 ms
2018-08-24 15:44:08.833 [http-nio-8080-exec-10] INFO  com.cnki.dms.dao.imp.UniversityDaoImp - start query listUniversity method!
2018-08-24 15:44:10.683 [http-nio-8080-exec-10] INFO  com.alibaba.druid.pool.DruidDataSource - {dataSource-1} inited
2018-08-24 15:44:50.251 [Thread-9] INFO  o.s.b.c.e.AnnotationConfigEmbeddedWebApplicationContext - Closing org.springframework.boot.context.embedded.AnnotationConfigEmbeddedWebApplicationContext@3b39f505: startup date [Fri Aug 24 15:43:48 CST 2018]; root of context hierarchy
2018-08-24 15:44:50.257 [Thread-9] INFO  o.s.jmx.export.annotation.AnnotationMBeanExporter - Unregistering JMX-exposed beans on shutdown
2018-08-24 15:44:50.259 [Thread-9] INFO  o.s.jmx.export.annotation.AnnotationMBeanExporter - Unregistering JMX-exposed beans
2018-08-24 15:44:50.282 [Thread-9] INFO  com.alibaba.druid.pool.DruidDataSource - {dataSource-1} closed
2018-08-24 15:44:50.842 [restartedMain] INFO  com.cnki.dms.Application - Starting Application on to-PC with PID 6012 (E:\cnkiWorkspace\spring-boot-dms\target\classes started by to in E:\cnkiWorkspace\spring-boot-dms)
2018-08-24 15:44:50.843 [restartedMain] INFO  com.cnki.dms.Application - No active profile set, falling back to default profiles: default
2018-08-24 15:44:50.848 [restartedMain] INFO  o.s.b.c.e.AnnotationConfigEmbeddedWebApplicationContext - Refreshing org.springframework.boot.context.embedded.AnnotationConfigEmbeddedWebApplicationContext@162cd510: startup date [Fri Aug 24 15:44:50 CST 2018]; root of context hierarchy
2018-08-24 15:44:56.102 [restartedMain] INFO  com.cnki.dms.Application - Starting Application on to-PC with PID 10312 (E:\cnkiWorkspace\spring-boot-dms\target\classes started by to in E:\cnkiWorkspace\spring-boot-dms)
2018-08-24 15:44:56.108 [restartedMain] INFO  com.cnki.dms.Application - No active profile set, falling back to default profiles: default
2018-08-24 15:44:56.285 [restartedMain] INFO  o.s.b.c.e.AnnotationConfigEmbeddedWebApplicationContext - Refreshing org.springframework.boot.context.embedded.AnnotationConfigEmbeddedWebApplicationContext@7da4d19e: startup date [Fri Aug 24 15:44:56 CST 2018]; root of context hierarchy
2018-08-24 15:44:59.985 [restartedMain] INFO  o.s.b.c.e.tomcat.TomcatEmbeddedServletContainer - Tomcat initialized with port(s): 8080 (http)
2018-08-24 15:45:00.018 [restartedMain] INFO  org.apache.catalina.core.StandardService - Starting service [Tomcat]
2018-08-24 15:45:00.021 [restartedMain] INFO  org.apache.catalina.core.StandardEngine - Starting Servlet Engine: Apache Tomcat/8.5.27
2018-08-24 15:45:00.749 [localhost-startStop-1] INFO  org.apache.jasper.servlet.TldScanner - At least one JAR was scanned for TLDs yet contained no TLDs. Enable debug logging for this logger for a complete list of JARs that were scanned but no TLDs were found in them. Skipping unneeded JARs during scanning can improve startup time and JSP compilation time.
2018-08-24 15:45:00.804 [localhost-startStop-1] INFO  o.a.c.core.ContainerBase.[Tomcat].[localhost].[/] - Initializing Spring embedded WebApplicationContext
2018-08-24 15:45:00.812 [localhost-startStop-1] INFO  org.springframework.web.context.ContextLoader - Root WebApplicationContext: initialization completed in 4528 ms
2018-08-24 15:45:01.506 [localhost-startStop-1] INFO  o.s.boot.web.servlet.ServletRegistrationBean - Mapping servlet: 'statViewServlet' to [/druid/*]
2018-08-24 15:45:01.509 [localhost-startStop-1] INFO  o.s.boot.web.servlet.ServletRegistrationBean - Mapping servlet: 'dispatcherServlet' to [/]
2018-08-24 15:45:01.590 [localhost-startStop-1] INFO  o.s.boot.web.servlet.FilterRegistrationBean - Mapping filter: 'characterEncodingFilter' to: [/*]
2018-08-24 15:45:01.599 [localhost-startStop-1] INFO  o.s.boot.web.servlet.FilterRegistrationBean - Mapping filter: 'hiddenHttpMethodFilter' to: [/*]
2018-08-24 15:45:01.600 [localhost-startStop-1] INFO  o.s.boot.web.servlet.FilterRegistrationBean - Mapping filter: 'httpPutFormContentFilter' to: [/*]
2018-08-24 15:45:01.601 [localhost-startStop-1] INFO  o.s.boot.web.servlet.FilterRegistrationBean - Mapping filter: 'requestContextFilter' to: [/*]
2018-08-24 15:45:01.602 [localhost-startStop-1] INFO  o.s.boot.web.servlet.FilterRegistrationBean - Mapping filter: 'webStatFilter' to urls: [/*]
2018-08-24 15:45:01.753 [restartedMain] INFO  com.cnki.dms.config.UiverisityBDConfig - get druid datasource
2018-08-24 15:45:02.475 [restartedMain] INFO  o.s.w.s.m.m.a.RequestMappingHandlerAdapter - Looking for @ControllerAdvice: org.springframework.boot.context.embedded.AnnotationConfigEmbeddedWebApplicationContext@7da4d19e: startup date [Fri Aug 24 15:44:56 CST 2018]; root of context hierarchy
2018-08-24 15:45:02.716 [restartedMain] INFO  o.s.w.s.m.m.a.RequestMappingHandlerMapping - Mapped "{[/main]}" onto public java.lang.String com.cnki.dms.controller.Demo.main()
2018-08-24 15:45:02.719 [restartedMain] INFO  o.s.w.s.m.m.a.RequestMappingHandlerMapping - Mapped "{[/demo]}" onto public java.lang.String com.cnki.dms.controller.Demo.demo()
2018-08-24 15:45:02.723 [restartedMain] INFO  o.s.w.s.m.m.a.RequestMappingHandlerMapping - Mapped "{[/login]}" onto public java.lang.String com.cnki.dms.controller.Demo.login()
2018-08-24 15:45:02.734 [restartedMain] INFO  o.s.w.s.m.m.a.RequestMappingHandlerMapping - Mapped "{[/pages/Password]}" onto public java.lang.String com.cnki.dms.controller.PageController.getPassword()
2018-08-24 15:45:02.738 [restartedMain] INFO  o.s.w.s.m.m.a.RequestMappingHandlerMapping - Mapped "{[/pages/log]}" onto public java.lang.String com.cnki.dms.controller.PageController.getLog()
2018-08-24 15:45:02.738 [restartedMain] INFO  o.s.w.s.m.m.a.RequestMappingHandlerMapping - Mapped "{[/pages/DataBaseList]}" onto public java.lang.String com.cnki.dms.controller.PageController.getDataBase()
2018-08-24 15:45:02.741 [restartedMain] INFO  o.s.w.s.m.m.a.RequestMappingHandlerMapping - Mapped "{[/pages/SqlLogList]}" onto public java.lang.String com.cnki.dms.controller.PageController.getSqlLogList()
2018-08-24 15:45:02.741 [restartedMain] INFO  o.s.w.s.m.m.a.RequestMappingHandlerMapping - Mapped "{[/pages/user]}" onto public java.lang.String com.cnki.dms.controller.PageController.getUser()
2018-08-24 15:45:02.742 [restartedMain] INFO  o.s.w.s.m.m.a.RequestMappingHandlerMapping - Mapped "{[/pages/SmsUserList]}" onto public java.lang.String com.cnki.dms.controller.PageController.getSmsUserList()
2018-08-24 15:45:02.742 [restartedMain] INFO  o.s.w.s.m.m.a.RequestMappingHandlerMapping - Mapped "{[/pages/ExportWordLog]}" onto public java.lang.String com.cnki.dms.controller.PageController.getExportWordLog()
2018-08-24 15:45:02.743 [restartedMain] INFO  o.s.w.s.m.m.a.RequestMappingHandlerMapping - Mapped "{[/pages/sms]}" onto public java.lang.String com.cnki.dms.controller.PageController.getSms()
2018-08-24 15:45:02.744 [restartedMain] INFO  o.s.w.s.m.m.a.RequestMappingHandlerMapping - Mapped "{[/pages/PlatformsList]}" onto public java.lang.String com.cnki.dms.controller.PageController.getPlatformsList()
2018-08-24 15:45:02.746 [restartedMain] INFO  o.s.w.s.m.m.a.RequestMappingHandlerMapping - Mapped "{[/pages/SmsList]}" onto public java.lang.String com.cnki.dms.controller.PageController.getSmsList()
2018-08-24 15:45:02.747 [restartedMain] INFO  o.s.w.s.m.m.a.RequestMappingHandlerMapping - Mapped "{[/pages/LandingStatistics]}" onto public java.lang.String com.cnki.dms.controller.PageController.getLandingStatistics()
2018-08-24 15:45:02.750 [restartedMain] INFO  o.s.w.s.m.m.a.RequestMappingHandlerMapping - Mapped "{[/pages/StatisticsList]}" onto public java.lang.String com.cnki.dms.controller.PageController.getDataStatistics()
2018-08-24 15:45:02.760 [restartedMain] INFO  o.s.w.s.m.m.a.RequestMappingHandlerMapping - Mapped "{[/Handler/getDatabaseIp],methods=[POST]}" onto public java.util.Map com.cnki.dms.controller.RestHandlerController.getDatabaseIp()
2018-08-24 15:45:02.761 [restartedMain] INFO  o.s.w.s.m.m.a.RequestMappingHandlerMapping - Mapped "{[/Handler/ManagerHandler],methods=[POST]}" onto public java.util.Map com.cnki.dms.controller.RestHandlerController.managerHandler(java.lang.String,java.lang.String,java.lang.String,java.lang.String,java.lang.String,java.lang.String)
2018-08-24 15:45:02.764 [restartedMain] INFO  o.s.w.s.m.m.a.RequestMappingHandlerMapping - Mapped "{[/Handler/DatabaseHandler],methods=[POST]}" onto public java.util.Map com.cnki.dms.controller.RestHandlerController.listDataBase(java.lang.String,java.lang.String,java.lang.String,java.lang.String,java.lang.String,java.lang.String)
2018-08-24 15:45:02.767 [restartedMain] INFO  o.s.w.s.m.m.a.RequestMappingHandlerMapping - Mapped "{[/Handler/CreateDataBase],methods=[POST]}" onto public java.util.Map com.cnki.dms.controller.RestHandlerController.createDatabase(com.cnki.dms.bean.Database)
2018-08-24 15:45:02.772 [restartedMain] INFO  o.s.w.s.m.m.a.RequestMappingHandlerMapping - Mapped "{[/user/login],methods=[POST]}" onto public java.lang.String com.cnki.dms.controller.UserController.login(java.lang.String,java.lang.String)
2018-08-24 15:45:02.788 [restartedMain] INFO  o.s.w.s.m.m.a.RequestMappingHandlerMapping - Mapped "{[/error]}" onto public org.springframework.http.ResponseEntity<java.util.Map<java.lang.String, java.lang.Object>> org.springframework.boot.autoconfigure.web.BasicErrorController.error(javax.servlet.http.HttpServletRequest)
2018-08-24 15:45:02.789 [restartedMain] INFO  o.s.w.s.m.m.a.RequestMappingHandlerMapping - Mapped "{[/error],produces=[text/html]}" onto public org.springframework.web.servlet.ModelAndView org.springframework.boot.autoconfigure.web.BasicErrorController.errorHtml(javax.servlet.http.HttpServletRequest,javax.servlet.http.HttpServletResponse)
2018-08-24 15:45:02.872 [restartedMain] INFO  o.s.web.servlet.handler.SimpleUrlHandlerMapping - Mapped URL path [/webjars/**] onto handler of type [class org.springframework.web.servlet.resource.ResourceHttpRequestHandler]
2018-08-24 15:45:02.872 [restartedMain] INFO  o.s.web.servlet.handler.SimpleUrlHandlerMapping - Mapped URL path [/**] onto handler of type [class org.springframework.web.servlet.resource.ResourceHttpRequestHandler]
2018-08-24 15:45:03.027 [restartedMain] INFO  o.s.web.servlet.handler.SimpleUrlHandlerMapping - Mapped URL path [/**/favicon.ico] onto handler of type [class org.springframework.web.servlet.resource.ResourceHttpRequestHandler]
2018-08-24 15:45:03.079 [restartedMain] INFO  o.s.b.a.w.WebMvcAutoConfiguration$WelcomePageHandlerMapping - Adding welcome page: ServletContext resource [/index.html]
2018-08-24 15:45:03.591 [restartedMain] INFO  o.s.b.d.autoconfigure.OptionalLiveReloadServer - LiveReload server is running on port 35729
2018-08-24 15:45:03.941 [restartedMain] INFO  o.s.jmx.export.annotation.AnnotationMBeanExporter - Registering beans for JMX exposure on startup
2018-08-24 15:45:03.949 [restartedMain] INFO  o.s.jmx.export.annotation.AnnotationMBeanExporter - Bean with name 'druidDataSource' has been autodetected for JMX exposure
2018-08-24 15:45:03.963 [restartedMain] INFO  o.s.jmx.export.annotation.AnnotationMBeanExporter - Located MBean 'druidDataSource': registering with JMX server as MBean [com.alibaba.druid.pool:name=druidDataSource,type=DruidDataSource]
2018-08-24 15:45:04.154 [restartedMain] INFO  o.s.b.c.e.tomcat.TomcatEmbeddedServletContainer - Tomcat started on port(s): 8080 (http)
2018-08-24 15:45:04.169 [restartedMain] INFO  com.cnki.dms.Application - Started Application in 8.479 seconds (JVM running for 9.556)
2018-08-24 15:45:27.540 [http-nio-8080-exec-1] INFO  o.a.c.core.ContainerBase.[Tomcat].[localhost].[/] - Initializing Spring FrameworkServlet 'dispatcherServlet'
2018-08-24 15:45:27.548 [http-nio-8080-exec-1] INFO  org.springframework.web.servlet.DispatcherServlet - FrameworkServlet 'dispatcherServlet': initialization started
2018-08-24 15:45:27.592 [http-nio-8080-exec-1] INFO  org.springframework.web.servlet.DispatcherServlet - FrameworkServlet 'dispatcherServlet': initialization completed in 42 ms
2018-08-24 15:45:28.906 [http-nio-8080-exec-10] INFO  com.cnki.dms.dao.imp.UniversityDaoImp - start query listUniversity method!
2018-08-24 15:45:31.129 [http-nio-8080-exec-10] INFO  com.alibaba.druid.pool.DruidDataSource - {dataSource-1} inited
2018-08-24 15:48:08.684 [Thread-9] INFO  o.s.b.c.e.AnnotationConfigEmbeddedWebApplicationContext - Closing org.springframework.boot.context.embedded.AnnotationConfigEmbeddedWebApplicationContext@7da4d19e: startup date [Fri Aug 24 15:44:56 CST 2018]; root of context hierarchy
2018-08-24 15:48:08.692 [Thread-9] INFO  o.s.jmx.export.annotation.AnnotationMBeanExporter - Unregistering JMX-exposed beans on shutdown
2018-08-24 15:48:08.696 [Thread-9] INFO  o.s.jmx.export.annotation.AnnotationMBeanExporter - Unregistering JMX-exposed beans
2018-08-24 15:48:08.720 [Thread-9] INFO  com.alibaba.druid.pool.DruidDataSource - {dataSource-1} closed
